{"uid":"e696d6b4e3bb1af9","name":"test_checkbox","fullName":"testCases.test_07_checkbox#test_checkbox","historyId":"d20183368dc04e290c3967299926bcd0","time":{"start":1761123468186,"stop":1761123471335,"duration":3149},"status":"broken","statusMessage":"selenium.common.exceptions.ElementClickInterceptedException: Message: element click intercepted: Element <button aria-label=\"Expand all\" title=\"Expand all\" type=\"button\" class=\"rct-option rct-option-expand-all\">...</button> is not clickable at point (686, 536). Other element would receive the click: <iframe frameborder=\"0\" src=\"https://a5b6eb7be112e95ca44ae6e0ee11367c.safeframe.googlesyndication.com/safeframe/1-0-45/html/container.html\" id=\"google_ads_iframe_/21849154601,22343295815/Ad.Plus-Anchor_0\" title=\"3rd party ad content\" name=\"\" scrolling=\"no\" marginwidth=\"0\" marginheight=\"0\" width=\"728\" height=\"90\" data-is-safeframe=\"true\" sandbox=\"allow-forms allow-popups allow-popups-to-escape-sandbox allow-same-origin allow-scripts allow-top-navigation-by-user-activation\" allow=\"private-state-token-redemption;attribution-reporting\" aria-label=\"Advertisement\" tabindex=\"0\" data-google-container-id=\"1\" style=\"border: 0px; vertical-align: bottom;\" data-load-complete=\"true\"></iframe>\n  (Session info: chrome=141.0.7390.108); For documentation on this error, please visit: https://www.selenium.dev/documentation/webdriver/troubleshooting/errors#elementclickinterceptedexception\nStacktrace:\n\tGetHandleVerifier [0x0x30fe43+66515]\n\tGetHandleVerifier [0x0x30fe84+66580]\n\t(No symbol) [0x0xfdc48]\n\t(No symbol) [0x0x14ec10]\n\t(No symbol) [0x0x14cf73]\n\t(No symbol) [0x0x14aa17]\n\t(No symbol) [0x0x149c8d]\n\t(No symbol) [0x0x13e115]\n\t(No symbol) [0x0x16b1cc]\n\t(No symbol) [0x0x13db74]\n\t(No symbol) [0x0x16b384]\n\t(No symbol) [0x0x18cba7]\n\t(No symbol) [0x0x16afc6]\n\t(No symbol) [0x0x13c2ca]\n\t(No symbol) [0x0x13d154]\n\tGetHandleVerifier [0x0x567353+2521315]\n\tGetHandleVerifier [0x0x5622d3+2500707]\n\tGetHandleVerifier [0x0x337c94+229924]\n\tGetHandleVerifier [0x0x3281f8+165768]\n\tGetHandleVerifier [0x0x32ecad+193085]\n\tGetHandleVerifier [0x0x318158+100072]\n\tGetHandleVerifier [0x0x3182f0+100480]\n\tGetHandleVerifier [0x0x3025aa+11066]\n\tBaseThreadInitThunk [0x0x77165d49+25]\n\tRtlInitializeExceptionChain [0x0x77e7d6db+107]\n\tRtlGetAppContainerNamedObjectPath [0x0x77e7d661+561]\n\t(No symbol) [0x0]","statusTrace":"setup = <selenium.webdriver.chrome.webdriver.WebDriver (session=\"9087004c32c7fe8ca18750305e574e09\")>\n\n    def test_checkbox(setup):\n        setup.get(\"https://demoqa.com/checkbox\")\n>       setup.find_element(By.CSS_SELECTOR, \"button[title='Expand all']\").click()\n\ntestCases\\test_07_checkbox.py:5: \n_ _ _ _ _ _ _ _ _ _ _ _ _ _ _ _ _ _ _ _ _ _ _ _ _ _ _ _ _ _ _ _ _ _ _ _ _ _ _ _\nC:\\hostedtoolcache\\windows\\Python\\3.10.11\\x64\\lib\\site-packages\\selenium\\webdriver\\remote\\webelement.py:119: in click\n    self._execute(Command.CLICK_ELEMENT)\nC:\\hostedtoolcache\\windows\\Python\\3.10.11\\x64\\lib\\site-packages\\selenium\\webdriver\\remote\\webelement.py:572: in _execute\n    return self._parent.execute(command, params)\nC:\\hostedtoolcache\\windows\\Python\\3.10.11\\x64\\lib\\site-packages\\selenium\\webdriver\\remote\\webdriver.py:458: in execute\n    self.error_handler.check_response(response)\n_ _ _ _ _ _ _ _ _ _ _ _ _ _ _ _ _ _ _ _ _ _ _ _ _ _ _ _ _ _ _ _ _ _ _ _ _ _ _ _\n\nself = <selenium.webdriver.remote.errorhandler.ErrorHandler object at 0x000001EF6E3ECF40>\nresponse = {'status': 400, 'value': '{\"value\":{\"error\":\"element click intercepted\",\"message\":\"element click intercepted: Element ...eptionChain [0x0x77e7d6db+107]\\\\n\\\\tRtlGetAppContainerNamedObjectPath [0x0x77e7d661+561]\\\\n\\\\t(No symbol) [0x0]\\\\n\"}}'}\n\n    def check_response(self, response: dict[str, Any]) -> None:\n        \"\"\"Checks that a JSON response from the WebDriver does not have an\n        error.\n    \n        :Args:\n         - response - The JSON response from the WebDriver server as a dictionary\n           object.\n    \n        :Raises: If the response contains an error message.\n        \"\"\"\n        status = response.get(\"status\", None)\n        if not status or status == ErrorCode.SUCCESS:\n            return\n        value = None\n        message = response.get(\"message\", \"\")\n        screen: str = response.get(\"screen\", \"\")\n        stacktrace = None\n        if isinstance(status, int):\n            value_json = response.get(\"value\", None)\n            if value_json and isinstance(value_json, str):\n                try:\n                    value = json.loads(value_json)\n                    if isinstance(value, dict):\n                        if len(value) == 1:\n                            value = value[\"value\"]\n                        status = value.get(\"error\", None)\n                        if not status:\n                            status = value.get(\"status\", ErrorCode.UNKNOWN_ERROR)\n                            message = value.get(\"value\") or value.get(\"message\")\n                            if not isinstance(message, str):\n                                value = message\n                                message = message.get(\"message\") if isinstance(message, dict) else None\n                        else:\n                            message = value.get(\"message\", None)\n                except ValueError:\n                    pass\n    \n        exception_class: type[WebDriverException]\n        e = ErrorCode()\n        error_codes = [item for item in dir(e) if not item.startswith(\"__\")]\n        for error_code in error_codes:\n            error_info = getattr(ErrorCode, error_code)\n            if isinstance(error_info, list) and status in error_info:\n                exception_class = getattr(ExceptionMapping, error_code, WebDriverException)\n                break\n        else:\n            exception_class = WebDriverException\n    \n        if not value:\n            value = response[\"value\"]\n        if isinstance(value, str):\n            raise exception_class(value)\n        if message == \"\" and \"message\" in value:\n            message = value[\"message\"]\n    \n        screen = None  # type: ignore[assignment]\n        if \"screen\" in value:\n            screen = value[\"screen\"]\n    \n        stacktrace = None\n        st_value = value.get(\"stackTrace\") or value.get(\"stacktrace\")\n        if st_value:\n            if isinstance(st_value, str):\n                stacktrace = st_value.split(\"\\n\")\n            else:\n                stacktrace = []\n                try:\n                    for frame in st_value:\n                        line = frame.get(\"lineNumber\", \"\")\n                        file = frame.get(\"fileName\", \"<anonymous>\")\n                        if line:\n                            file = f\"{file}:{line}\"\n                        meth = frame.get(\"methodName\", \"<anonymous>\")\n                        if \"className\" in frame:\n                            meth = f\"{frame['className']}.{meth}\"\n                        msg = \"    at %s (%s)\"\n                        msg = msg % (meth, file)\n                        stacktrace.append(msg)\n                except TypeError:\n                    pass\n        if exception_class == UnexpectedAlertPresentException:\n            alert_text = None\n            if \"data\" in value:\n                alert_text = value[\"data\"].get(\"text\")\n            elif \"alert\" in value:\n                alert_text = value[\"alert\"].get(\"text\")\n            raise exception_class(message, screen, stacktrace, alert_text)  # type: ignore[call-arg]  # mypy is not smart enough here\n>       raise exception_class(message, screen, stacktrace)\nE       selenium.common.exceptions.ElementClickInterceptedException: Message: element click intercepted: Element <button aria-label=\"Expand all\" title=\"Expand all\" type=\"button\" class=\"rct-option rct-option-expand-all\">...</button> is not clickable at point (686, 536). Other element would receive the click: <iframe frameborder=\"0\" src=\"https://a5b6eb7be112e95ca44ae6e0ee11367c.safeframe.googlesyndication.com/safeframe/1-0-45/html/container.html\" id=\"google_ads_iframe_/21849154601,22343295815/Ad.Plus-Anchor_0\" title=\"3rd party ad content\" name=\"\" scrolling=\"no\" marginwidth=\"0\" marginheight=\"0\" width=\"728\" height=\"90\" data-is-safeframe=\"true\" sandbox=\"allow-forms allow-popups allow-popups-to-escape-sandbox allow-same-origin allow-scripts allow-top-navigation-by-user-activation\" allow=\"private-state-token-redemption;attribution-reporting\" aria-label=\"Advertisement\" tabindex=\"0\" data-google-container-id=\"1\" style=\"border: 0px; vertical-align: bottom;\" data-load-complete=\"true\"></iframe>\nE         (Session info: chrome=141.0.7390.108); For documentation on this error, please visit: https://www.selenium.dev/documentation/webdriver/troubleshooting/errors#elementclickinterceptedexception\nE       Stacktrace:\nE       \tGetHandleVerifier [0x0x30fe43+66515]\nE       \tGetHandleVerifier [0x0x30fe84+66580]\nE       \t(No symbol) [0x0xfdc48]\nE       \t(No symbol) [0x0x14ec10]\nE       \t(No symbol) [0x0x14cf73]\nE       \t(No symbol) [0x0x14aa17]\nE       \t(No symbol) [0x0x149c8d]\nE       \t(No symbol) [0x0x13e115]\nE       \t(No symbol) [0x0x16b1cc]\nE       \t(No symbol) [0x0x13db74]\nE       \t(No symbol) [0x0x16b384]\nE       \t(No symbol) [0x0x18cba7]\nE       \t(No symbol) [0x0x16afc6]\nE       \t(No symbol) [0x0x13c2ca]\nE       \t(No symbol) [0x0x13d154]\nE       \tGetHandleVerifier [0x0x567353+2521315]\nE       \tGetHandleVerifier [0x0x5622d3+2500707]\nE       \tGetHandleVerifier [0x0x337c94+229924]\nE       \tGetHandleVerifier [0x0x3281f8+165768]\nE       \tGetHandleVerifier [0x0x32ecad+193085]\nE       \tGetHandleVerifier [0x0x318158+100072]\nE       \tGetHandleVerifier [0x0x3182f0+100480]\nE       \tGetHandleVerifier [0x0x3025aa+11066]\nE       \tBaseThreadInitThunk [0x0x77165d49+25]\nE       \tRtlInitializeExceptionChain [0x0x77e7d6db+107]\nE       \tRtlGetAppContainerNamedObjectPath [0x0x77e7d661+561]\nE       \t(No symbol) [0x0]\n\nC:\\hostedtoolcache\\windows\\Python\\3.10.11\\x64\\lib\\site-packages\\selenium\\webdriver\\remote\\errorhandler.py:232: ElementClickInterceptedException","flaky":false,"newFailed":false,"newBroken":false,"newPassed":false,"retriesCount":0,"retriesStatusChange":false,"beforeStages":[{"name":"setup","time":{"start":1761123466175,"stop":1761123468186,"duration":2011},"status":"passed","steps":[],"attachments":[],"parameters":[],"attachmentsCount":0,"shouldDisplayMessage":false,"stepsCount":0,"hasContent":false,"attachmentStep":false}],"afterStages":[{"name":"setup::0","time":{"start":1761123471912,"stop":1761123474075,"duration":2163},"status":"passed","steps":[],"attachments":[],"parameters":[],"attachmentsCount":0,"shouldDisplayMessage":false,"stepsCount":0,"hasContent":false,"attachmentStep":false}],"labels":[{"name":"parentSuite","value":"testCases"},{"name":"suite","value":"test_07_checkbox"},{"name":"host","value":"runnervmgxiju"},{"name":"thread","value":"8064-MainThread"},{"name":"framework","value":"pytest"},{"name":"language","value":"cpython3"},{"name":"package","value":"testCases.test_07_checkbox"},{"name":"resultFormat","value":"allure2"}],"parameters":[],"links":[],"hidden":true,"retry":true,"extra":{"categories":[],"tags":[]},"source":"e696d6b4e3bb1af9.json","parameterValues":[]}